

0.000000000  Node Startup
0.000000000 INFO /twist_marker_server [/tmp/binarydeb/ros-melodic-interactive-marker-twist-server-1.2.2/src/marker_server.cpp:76(MarkerServer)] [topics: /rosout, /twist_marker_server/update_full, /twist_marker_server/update, /twist_marker_server/cmd_vel] [twist_marker_server] Initialized.
0.000000000 INFO /twist_mux [/tmp/binarydeb/ros-melodic-twist-mux-3.1.1/include/twist_mux/topic_handle.h:72(TopicHandle_<T>::TopicHandle_)] [topics: /rosout] Topic handler 'e_stop' subscribed to topic 'e_stop': timeout = None, priority = 255
0.000000000 INFO /joy_teleop/teleop_twist_joy [/tmp/binarydeb/ros-melodic-teleop-twist-joy-0.1.3/src/teleop_twist_joy.cpp:119(TeleopTwistJoy::TeleopTwistJoy)] [topics: /rosout, /trog_velocity_controller/cmd_vel] Angular axis yaw on 0 at scale 0.500000.
0.000000000 ERROR /joy_teleop/joy_node [/tmp/binarydeb/ros-melodic-joy-1.14.0/src/joy_node.cpp:318(main)] [topics: /rosout, /diagnostics, /joy_teleop/joy] Couldn't open joystick /dev/input/js0. Will retry every second.
0.000000000 INFO /velodyne_nodelet_manager_driver [/tmp/binarydeb/ros-melodic-nodelet-1.9.16/src/nodelet.cpp:196(loadNodelet)] [topics: /rosout] Loading nodelet /velodyne_nodelet_manager_driver of type velodyne_driver/DriverNodelet to manager velodyne_nodelet_manager with the following remappings:
0.000000000 INFO /velodyne_nodelet_manager [/tmp/binarydeb/ros-melodic-velodyne-pointcloud-1.5.2/src/conversions/convert.cc:50(Convert::callback)] [topics: /rosout, /velodyne_points, /velodyne_nodelet_manager_cloud/parameter_descriptions, /velodyne_nodelet_manager_cloud/parameter_updates] Reconfigure Request
0.000000000 INFO /velodyne_nodelet_manager [/tmp/binarydeb/ros-melodic-velodyne-driver-1.5.2/src/driver/driver.cc:79(VelodyneDriver::VelodyneDriver)] [topics: /rosout, /velodyne_points, /velodyne_nodelet_manager_cloud/parameter_descriptions, /velodyne_nodelet_manager_cloud/parameter_updates, /velodyne_nodelet_manager/bond, /velodyne_nodelet_manager_laserscan/parameter_descriptions, /velodyne_nodelet_manager_laserscan/parameter_updates, /scan, /diagnostics] Velodyne VLP-16 rotating at 600 RPM
0.000000000 INFO /velodyne_nodelet_manager [/tmp/binarydeb/ros-melodic-velodyne-driver-1.5.2/src/driver/driver.cc:86(VelodyneDriver::VelodyneDriver)] [topics: /rosout, /velodyne_points, /velodyne_nodelet_manager_cloud/parameter_descriptions, /velodyne_nodelet_manager_cloud/parameter_updates, /velodyne_nodelet_manager/bond, /velodyne_nodelet_manager_laserscan/parameter_descriptions, /velodyne_nodelet_manager_laserscan/parameter_updates, /scan, /diagnostics] publishing 76 packets per scan
0.000000000 INFO /velodyne_nodelet_manager [/tmp/binarydeb/ros-melodic-velodyne-driver-1.5.2/src/driver/driver.cc:95(VelodyneDriver::VelodyneDriver)] [topics: /rosout, /velodyne_points, /velodyne_nodelet_manager_cloud/parameter_descriptions, /velodyne_nodelet_manager_cloud/parameter_updates, /velodyne_nodelet_manager/bond, /velodyne_nodelet_manager_laserscan/parameter_descriptions, /velodyne_nodelet_manager_laserscan/parameter_updates, /scan, /diagnostics] Cut at specific angle feature deactivated.
0.000000000 INFO /velodyne_nodelet_manager [/tmp/binarydeb/ros-melodic-velodyne-driver-1.5.2/src/driver/driver.cc:234(VelodyneDriver::callback)] [topics: /rosout, /velodyne_points, /velodyne_nodelet_manager_cloud/parameter_descriptions, /velodyne_nodelet_manager_cloud/parameter_updates, /velodyne_nodelet_manager/bond, /velodyne_nodelet_manager_laserscan/parameter_descriptions, /velodyne_nodelet_manager_laserscan/parameter_updates, /scan, /diagnostics, /velodyne_nodelet_manager_driver/parameter_descriptions, /velodyne_nodelet_manager_driver/parameter_updates] Reconfigure Request
0.000000000 INFO /velodyne_nodelet_manager [/tmp/binarydeb/ros-melodic-velodyne-driver-1.5.2/src/driver/driver.cc:129(VelodyneDriver::VelodyneDriver)] [topics: /rosout, /velodyne_points, /velodyne_nodelet_manager_cloud/parameter_descriptions, /velodyne_nodelet_manager_cloud/parameter_updates, /velodyne_nodelet_manager/bond, /velodyne_nodelet_manager_laserscan/parameter_descriptions, /velodyne_nodelet_manager_laserscan/parameter_updates, /scan, /diagnostics, /velodyne_nodelet_manager_driver/parameter_descriptions, /velodyne_nodelet_manager_driver/parameter_updates] expected frequency: 9.921 (Hz)
0.000000000 INFO /velodyne_nodelet_manager [/tmp/binarydeb/ros-melodic-velodyne-driver-1.5.2/src/lib/input.cc:79(InputSocket::InputSocket)] [topics: /rosout, /velodyne_points, /velodyne_nodelet_manager_cloud/parameter_descriptions, /velodyne_nodelet_manager_cloud/parameter_updates, /velodyne_nodelet_manager/bond, /velodyne_nodelet_manager_laserscan/parameter_descriptions, /velodyne_nodelet_manager_laserscan/parameter_updates, /scan, /diagnostics, /velodyne_nodelet_manager_driver/parameter_descriptions, /velodyne_nodelet_manager_driver/parameter_updates] Opening UDP socket: port 2368
0.000000000 INFO /velodyne_nodelet_manager_cloud [/tmp/binarydeb/ros-melodic-nodelet-1.9.16/src/nodelet.cpp:196(loadNodelet)] [topics: /rosout] Loading nodelet /velodyne_nodelet_manager_cloud of type velodyne_pointcloud/CloudNodelet to manager velodyne_nodelet_manager with the following remappings:
0.000000000 INFO /velodyne_nodelet_manager_laserscan [/tmp/binarydeb/ros-melodic-nodelet-1.9.16/src/nodelet.cpp:196(loadNodelet)] [topics: /rosout] Loading nodelet /velodyne_nodelet_manager_laserscan of type velodyne_laserscan/LaserScanNodelet to manager velodyne_nodelet_manager with the following remappings:
0.000000000 INFO /slam_toolbox/trog_slam_toolbox [/tmp/binarydeb/ros-melodic-slam-toolbox-1.1.6/src/slam_toolbox_common.cpp:96(SlamToolbox::setSolver)] [topics: /rosout, /tf, /slam_toolbox/map, /map_metadata] Using plugin solver_plugins::CeresSolver
0.000000000 INFO /rviz [/tmp/binarydeb/ros-melodic-rviz-1.13.18/src/rviz/ogre_helpers/render_system.cpp:85(RenderSystem::forceGlVersion)] [topics: /rosout] Forcing OpenGl version 0.
0.000000000 INFO /rviz [/tmp/binarydeb/ros-melodic-rviz-1.13.18/src/rviz/ogre_helpers/render_system.cpp:462(RenderWindow* rviz::RenderSystem::makeRenderWindow)] [topics: /rosout] Stereo is NOT SUPPORTED
0.000000000 INFO /rviz [/tmp/binarydeb/ros-melodic-rviz-1.13.18/src/rviz/ogre_helpers/render_system.cpp:183(RenderSystem::detectGlVersion)] [topics: /rosout] OpenGL device: AMD RAVEN (DRM 3.35.0, 5.4.0-87-generic, LLVM 10.0.0)
0.000000000 INFO /rviz [/tmp/binarydeb/ros-melodic-rviz-1.13.18/src/rviz/ogre_helpers/render_system.cpp:224(RenderSystem::detectGlVersion)] [topics: /rosout] OpenGl version: 4.6 (GLSL 4.6) limited to GLSL 1.4 on Mesa system.
0.000000000 INFO /base_controller_spawner [spawner:121(main)] [topics: /clock, /rosout] Controller Spawner: Waiting for service controller_manager/load_controller
0.000000000 INFO /gazebo [/tmp/binarydeb/ros-melodic-roscpp-1.14.11/src/libros/service.cpp:80(service::exists)] [topics: /rosout] waitForService: Service [/gazebo/set_physics_properties] has not been advertised, waiting...
0.000000000 INFO /gazebo_gui [/tmp/binarydeb/ros-melodic-roscpp-1.14.11/src/libros/service.cpp:80(service::exists)] [topics: /rosout] waitForService: Service [/gazebo_gui/set_physics_properties] has not been advertised, waiting...
0.000000000 INFO /spawn_Antbot_model [gazebo_interface.py:27(spawn_urdf_model_client)] [topics: /clock, /rosout] Waiting for service /gazebo/spawn_urdf_model
0.000000000 WARN /velodyne_nodelet_manager [/tmp/binarydeb/ros-melodic-velodyne-driver-1.5.2/src/lib/input.cc:158(InputSocket::getPacket)] [topics: /rosout, /velodyne_points, /velodyne_nodelet_manager_cloud/parameter_descriptions, /velodyne_nodelet_manager_cloud/parameter_updates, /velodyne_nodelet_manager/bond, /velodyne_nodelet_manager_laserscan/parameter_descriptions, /velodyne_nodelet_manager_laserscan/parameter_updates, /scan, /diagnostics, /velodyne_nodelet_manager_driver/parameter_descriptions, /velodyne_nodelet_manager_driver/parameter_updates, /velodyne_packets] Velodyne poll() timeout
0.000000000 INFO /gazebo [/tmp/binarydeb/ros-melodic-roscpp-1.14.11/src/libros/service.cpp:123(service::waitForService)] [topics: /rosout, /clock, /gazebo/link_states, /gazebo/model_states] waitForService: Service [/gazebo/set_physics_properties] is now available.
0.000000000 INFO /gazebo [/tmp/binarydeb/ros-melodic-gazebo-ros-2.8.7/src/gazebo_ros_api_plugin.cpp:2334(GazeboRosApiPlugin::physicsReconfigureThread)] [topics: /rosout, /clock, /gazebo/link_states, /gazebo/model_states, /gazebo/parameter_descriptions, /gazebo/parameter_updates] Physics dynamic reconfigure ready.
1298.560000000 WARN /robot_localization_ekf [/tmp/binarydeb/ros-melodic-robot-localization-2.6.11/src/ros_filter.cpp:1868(RosFilter<T>::periodicUpdate)] [topics: /rosout, /diagnostics, /tf, /odom] Failed to meet update rate! Took 1298.5599999999999454
1298.560000000 WARN /robot_localization_ekf [/tmp/binarydeb/ros-melodic-robot-localization-2.6.11/src/ros_filter.cpp:1868(RosFilter<T>::periodicUpdate)] [topics: /rosout, /diagnostics, /tf, /odom] Failed to meet update rate! Took 1298.5399999999999636
1298.570000000 INFO /spawn_Antbot_model [gazebo_interface.py:31(spawn_urdf_model_client)] [topics: /clock, /rosout] Calling service /gazebo/spawn_urdf_model
1298.680000000 INFO /spawn_Antbot_model [gazebo_interface.py:33(spawn_urdf_model_client)] [topics: /clock, /rosout] Spawn status: SpawnModel: Successfully spawned entity
1298.680000000 INFO /spawn_Antbot_model [spawn_model:207(SpawnModelNode.run)] [topics: /clock, /rosout] Unpausing physics
1298.680000000 INFO /gazebo [/tmp/binarydeb/ros-melodic-velodyne-gazebo-plugins-1.0.12/src/GazeboRosVelodyneLaser.cpp:151(GazeboRosVelodyneLaser::Load)] [topics: /rosout, /clock, /gazebo/link_states, /gazebo/model_states, /gazebo/parameter_descriptions, /gazebo/parameter_updates] Velodyne laser plugin missing <min_intensity>, defaults to no clipping
1298.680000000 INFO /gazebo [/tmp/binarydeb/ros-melodic-velodyne-gazebo-plugins-1.0.12/src/GazeboRosVelodyneLaser.cpp:206(GazeboRosVelodyneLaser::Load)] [topics: /rosout, /clock, /gazebo/link_states, /gazebo/model_states, /gazebo/parameter_descriptions, /gazebo/parameter_updates, /velodyne_points] Velodyne laser plugin ready, 16 lasers
1298.680000000 INFO /gazebo [/tmp/binarydeb/ros-melodic-gazebo-ros-control-2.8.7/src/gazebo_ros_control_plugin.cpp:62(GazeboRosControlPlugin::Load)] [topics: /rosout, /clock, /gazebo/link_states, /gazebo/model_states, /gazebo/parameter_descriptions, /gazebo/parameter_updates, /velodyne_points] Loading gazebo_ros_control plugin
1298.680000000 INFO /gazebo [/tmp/binarydeb/ros-melodic-gazebo-ros-control-2.8.7/src/gazebo_ros_control_plugin.cpp:161(GazeboRosControlPlugin::Load)] [topics: /rosout, /clock, /gazebo/link_states, /gazebo/model_states, /gazebo/parameter_descriptions, /gazebo/parameter_updates, /velodyne_points] Starting gazebo_ros_control plugin in namespace: /
1298.680000000 INFO /gazebo [/tmp/binarydeb/ros-melodic-gazebo-ros-control-2.8.7/src/gazebo_ros_control_plugin.cpp:287(__cxx11::string gazebo_ros_control::GazeboRosControlPlugin::getURDF)] [topics: /rosout, /clock, /gazebo/link_states, /gazebo/model_states, /gazebo/parameter_descriptions, /gazebo/parameter_updates, /velodyne_points] gazebo_ros_control plugin is waiting for model URDF in parameter [robot_description] on the ROS param server.
1298.680000000 ERROR /gazebo [/tmp/binarydeb/ros-melodic-control-toolbox-1.18.2/src/pid.cpp:116(Pid::init)] [topics: /rosout, /clock, /gazebo/link_states, /gazebo/model_states, /gazebo/parameter_descriptions, /gazebo/parameter_updates, /velodyne_points] No p gain specified for pid.  Namespace: /gazebo_ros_control/pid_gains/front_left_wheel
1298.680000000 ERROR /gazebo [/tmp/binarydeb/ros-melodic-control-toolbox-1.18.2/src/pid.cpp:116(Pid::init)] [topics: /rosout, /clock, /gazebo/link_states, /gazebo/model_states, /gazebo/parameter_descriptions, /gazebo/parameter_updates, /velodyne_points] No p gain specified for pid.  Namespace: /gazebo_ros_control/pid_gains/front_right_wheel
1298.680000000 ERROR /gazebo [/tmp/binarydeb/ros-melodic-control-toolbox-1.18.2/src/pid.cpp:116(Pid::init)] [topics: /rosout, /clock, /gazebo/link_states, /gazebo/model_states, /gazebo/parameter_descriptions, /gazebo/parameter_updates, /velodyne_points] No p gain specified for pid.  Namespace: /gazebo_ros_control/pid_gains/rear_left_wheel
1298.680000000 ERROR /gazebo [/tmp/binarydeb/ros-melodic-control-toolbox-1.18.2/src/pid.cpp:116(Pid::init)] [topics: /rosout, /clock, /gazebo/link_states, /gazebo/model_states, /gazebo/parameter_descriptions, /gazebo/parameter_updates, /velodyne_points] No p gain specified for pid.  Namespace: /gazebo_ros_control/pid_gains/rear_right_wheel
1298.680000000 INFO /gazebo [/tmp/binarydeb/ros-melodic-gazebo-ros-control-2.8.7/src/gazebo_ros_control_plugin.cpp:207(GazeboRosControlPlugin::Load)] [topics: /rosout, /clock, /gazebo/link_states, /gazebo/model_states, /gazebo/parameter_descriptions, /gazebo/parameter_updates, /velodyne_points] Loaded gazebo_ros_control.
1298.790000000 INFO /base_controller_spawner [spawner:126(main)] [topics: /clock, /rosout] Controller Spawner: Waiting for service controller_manager/switch_controller
1298.790000000 INFO /base_controller_spawner [spawner:134(main)] [topics: /clock, /rosout] Controller Spawner: Waiting for service controller_manager/unload_controller
1298.790000000 INFO /base_controller_spawner [spawner:189(main)] [topics: /clock, /rosout] Loading controller: trog_joint_publisher
1298.790000000 INFO /velodyne_nodelet_manager [/tmp/binarydeb/ros-melodic-velodyne-laserscan-1.5.2/src/VelodyneLaserScan.cpp:50(VelodyneLaserScan::recvCallback)] [topics: /rosout, /velodyne_points, /velodyne_nodelet_manager_cloud/parameter_descriptions, /velodyne_nodelet_manager_cloud/parameter_updates, /velodyne_nodelet_manager/bond, /velodyne_nodelet_manager_laserscan/parameter_descriptions, /velodyne_nodelet_manager_laserscan/parameter_updates, /scan, /diagnostics, /velodyne_nodelet_manager_driver/parameter_descriptions, /velodyne_nodelet_manager_driver/parameter_updates, /velodyne_packets] VelodyneLaserScan: Latched ring count of 16
1298.790000000 INFO /velodyne_nodelet_manager [/tmp/binarydeb/ros-melodic-velodyne-laserscan-1.5.2/src/VelodyneLaserScan.cpp:71(VelodyneLaserScan::recvCallback)] [topics: /rosout, /velodyne_points, /velodyne_nodelet_manager_cloud/parameter_descriptions, /velodyne_nodelet_manager_cloud/parameter_updates, /velodyne_nodelet_manager/bond, /velodyne_nodelet_manager_laserscan/parameter_descriptions, /velodyne_nodelet_manager_laserscan/parameter_updates, /scan, /diagnostics, /velodyne_nodelet_manager_driver/parameter_descriptions, /velodyne_nodelet_manager_driver/parameter_updates, /velodyne_packets] VelodyneLaserScan: Extracting ring 8
1298.790000000 WARN /velodyne_nodelet_manager [/tmp/binarydeb/ros-melodic-velodyne-laserscan-1.5.2/src/VelodyneLaserScan.cpp:126(VelodyneLaserScan::recvCallback)] [topics: /rosout, /velodyne_points, /velodyne_nodelet_manager_cloud/parameter_descriptions, /velodyne_nodelet_manager_cloud/parameter_updates, /velodyne_nodelet_manager/bond, /velodyne_nodelet_manager_laserscan/parameter_descriptions, /velodyne_nodelet_manager_laserscan/parameter_updates, /scan, /diagnostics, /velodyne_nodelet_manager_driver/parameter_descriptions, /velodyne_nodelet_manager_driver/parameter_updates, /velodyne_packets] VelodyneLaserScan: PointCloud2 fields in unexpected order. Using slower generic method.
1298.800000000 INFO /base_controller_spawner [spawner:189(main)] [topics: /clock, /rosout] Loading controller: trog_velocity_controller
1298.810000000 INFO /gazebo [/tmp/binarydeb/ros-melodic-diff-drive-controller-0.17.2/src/diff_drive_controller.cpp:200(DiffDriveController::init)] [topics: /rosout, /clock, /gazebo/link_states, /gazebo/model_states, /gazebo/parameter_descriptions, /gazebo/parameter_updates, /velodyne_points, /joint_states] Controller state will be published at 50Hz.
1298.820000000 INFO /gazebo [/tmp/binarydeb/ros-melodic-diff-drive-controller-0.17.2/src/diff_drive_controller.cpp:207(DiffDriveController::init)] [topics: /rosout, /clock, /gazebo/link_states, /gazebo/model_states, /gazebo/parameter_descriptions, /gazebo/parameter_updates, /velodyne_points, /joint_states] Wheel separation will be multiplied by 1.
1298.820000000 INFO /gazebo [/tmp/binarydeb/ros-melodic-diff-drive-controller-0.17.2/src/diff_drive_controller.cpp:224(DiffDriveController::init)] [topics: /rosout, /clock, /gazebo/link_states, /gazebo/model_states, /gazebo/parameter_descriptions, /gazebo/parameter_updates, /velodyne_points, /joint_states] Left wheel radius will be multiplied by 1.
1298.820000000 INFO /gazebo [/tmp/binarydeb/ros-melodic-diff-drive-controller-0.17.2/src/diff_drive_controller.cpp:226(DiffDriveController::init)] [topics: /rosout, /clock, /gazebo/link_states, /gazebo/model_states, /gazebo/parameter_descriptions, /gazebo/parameter_updates, /velodyne_points, /joint_states] Right wheel radius will be multiplied by 1.
1298.820000000 INFO /gazebo [/tmp/binarydeb/ros-melodic-diff-drive-controller-0.17.2/src/diff_drive_controller.cpp:231(DiffDriveController::init)] [topics: /rosout, /clock, /gazebo/link_states, /gazebo/model_states, /gazebo/parameter_descriptions, /gazebo/parameter_updates, /velodyne_points, /joint_states] Velocity rolling window size of 2.
1298.820000000 INFO /gazebo [/tmp/binarydeb/ros-melodic-diff-drive-controller-0.17.2/src/diff_drive_controller.cpp:238(DiffDriveController::init)] [topics: /rosout, /clock, /gazebo/link_states, /gazebo/model_states, /gazebo/parameter_descriptions, /gazebo/parameter_updates, /velodyne_points, /joint_states] Velocity commands will be considered old if they are older than 0.25s.
1298.820000000 INFO /gazebo [/tmp/binarydeb/ros-melodic-diff-drive-controller-0.17.2/src/diff_drive_controller.cpp:242(DiffDriveController::init)] [topics: /rosout, /clock, /gazebo/link_states, /gazebo/model_states, /gazebo/parameter_descriptions, /gazebo/parameter_updates, /velodyne_points, /joint_states] Allow mutiple cmd_vel publishers is enabled
1298.820000000 INFO /gazebo [/tmp/binarydeb/ros-melodic-diff-drive-controller-0.17.2/src/diff_drive_controller.cpp:245(DiffDriveController::init)] [topics: /rosout, /clock, /gazebo/link_states, /gazebo/model_states, /gazebo/parameter_descriptions, /gazebo/parameter_updates, /velodyne_points, /joint_states] Base frame_id set to base_link
1298.820000000 INFO /gazebo [/tmp/binarydeb/ros-melodic-diff-drive-controller-0.17.2/src/diff_drive_controller.cpp:248(DiffDriveController::init)] [topics: /rosout, /clock, /gazebo/link_states, /gazebo/model_states, /gazebo/parameter_descriptions, /gazebo/parameter_updates, /velodyne_points, /joint_states] Odometry frame_id set to odom
1298.820000000 INFO /gazebo [/tmp/binarydeb/ros-melodic-diff-drive-controller-0.17.2/src/diff_drive_controller.cpp:251(DiffDriveController::init)] [topics: /rosout, /clock, /gazebo/link_states, /gazebo/model_states, /gazebo/parameter_descriptions, /gazebo/parameter_updates, /velodyne_points, /joint_states] Publishing to tf is disabled
1298.840000000 INFO /gazebo [/tmp/binarydeb/ros-melodic-diff-drive-controller-0.17.2/src/diff_drive_controller.cpp:302(DiffDriveController::init)] [topics: /rosout, /clock, /gazebo/link_states, /gazebo/model_states, /gazebo/parameter_descriptions, /gazebo/parameter_updates, /velodyne_points, /joint_states] Odometry params : wheel separation 0.822, left wheel radius 0.244, right wheel radius 0.244
1298.840000000 INFO /gazebo [/tmp/binarydeb/ros-melodic-diff-drive-controller-0.17.2/src/diff_drive_controller.cpp:350(DiffDriveController::init)] [topics: /rosout, /clock, /gazebo/link_states, /gazebo/model_states, /gazebo/parameter_descriptions, /gazebo/parameter_updates, /velodyne_points, /joint_states, /trog_velocity_controller/odom, /tf] Adding left wheel with joint name: rear_left_wheel and right wheel with joint name: rear_right_wheel
1298.840000000 INFO /gazebo [/tmp/binarydeb/ros-melodic-diff-drive-controller-0.17.2/src/diff_drive_controller.cpp:350(DiffDriveController::init)] [topics: /rosout, /clock, /gazebo/link_states, /gazebo/model_states, /gazebo/parameter_descriptions, /gazebo/parameter_updates, /velodyne_points, /joint_states, /trog_velocity_controller/odom, /tf] Adding left wheel with joint name: front_left_wheel and right wheel with joint name: front_right_wheel
1298.860000000 INFO /gazebo [/tmp/binarydeb/ros-melodic-diff-drive-controller-0.17.2/src/diff_drive_controller.cpp:747(DiffDriveController::reconfCallback)] [topics: /rosout, /clock, /gazebo/link_states, /gazebo/model_states, /gazebo/parameter_descriptions, /gazebo/parameter_updates, /velodyne_points, /joint_states, /trog_velocity_controller/odom, /tf, /trog_velocity_controller/parameter_descriptions, /trog_velocity_controller/parameter_updates] Dynamic Reconfigure:
DynamicParams:
	Odometry parameters:
		left wheel radius multiplier: 1
		right wheel radius multiplier: 1
		wheel separation multiplier: 1
	Publication parameters:
		Publish executed velocity command: disabled
		Publication rate: 50
		Publish frame odom on tf: disabled
1298.880000000 INFO /base_controller_spawner [spawner:197(main)] [topics: /clock, /rosout] Controller Spawner: Loaded controllers: trog_joint_publisher, trog_velocity_controller
1298.890000000 INFO /base_controller_spawner [spawner:206(main)] [topics: /clock, /rosout] Started controllers: trog_joint_publisher, trog_velocity_controller
1335.990000000 INFO /velodyne_nodelet_manager_cloud [/tmp/binarydeb/ros-melodic-nodelet-1.9.16/src/nodelet.cpp:159(unloadNodelet)] [topics: /rosout, /velodyne_nodelet_manager/bond] Unloading nodelet /velodyne_nodelet_manager_cloud from manager velodyne_nodelet_manager
1335.990000000 INFO /velodyne_nodelet_manager_driver [/tmp/binarydeb/ros-melodic-nodelet-1.9.16/src/nodelet.cpp:159(unloadNodelet)] [topics: /rosout, /velodyne_nodelet_manager/bond] Unloading nodelet /velodyne_nodelet_manager_driver from manager velodyne_nodelet_manager
1335.990000000 INFO /velodyne_nodelet_manager_laserscan [/tmp/binarydeb/ros-melodic-nodelet-1.9.16/src/nodelet.cpp:159(unloadNodelet)] [topics: /rosout, /velodyne_nodelet_manager/bond] Unloading nodelet /velodyne_nodelet_manager_laserscan from manager velodyne_nodelet_manager
1336.280000000 INFO /base_controller_spawner [spawner:55(shutdown)] [topics: /clock, /rosout] Shutting down spawner. Stopping and unloading controllers...
1336.280000000 INFO /base_controller_spawner [spawner:64(shutdown)] [topics: /clock, /rosout] Stopping all controllers...
1336.290000000 INFO /base_controller_spawner [spawner:66(shutdown)] [topics: /clock, /rosout] Unloading all loaded controllers...
1336.290000000 INFO /base_controller_spawner [spawner:68(shutdown)] [topics: /clock, /rosout] Trying to unload trog_velocity_controller
1336.290000000 WARN /base_controller_spawner [spawner:72(shutdown)] [topics: /clock, /rosout] Controller Spawner error while taking down controllers: transport error completing service call: receive_once[/controller_manager/unload_controller]: unexpected error [Errno 4] Interrupted system call
